<?xml version="1.0" encoding="UTF-8"?>
<testng-results ignored="0" total="1" passed="1" failed="0" skipped="0">
  <reporter-output>
  </reporter-output>
  <suite started-at="2025-08-05T16:12:15 IST" name="Default suite" finished-at="2025-08-05T16:12:21 IST" duration-ms="5781">
    <groups>
    </groups>
    <test started-at="2025-08-05T16:12:15 IST" name="Default test" finished-at="2025-08-05T16:12:21 IST" duration-ms="5781">
      <class name="files.DynamicJson">
        <test-method signature="addBook()[pri:0, instance:files.DynamicJson@c8c12ac]" started-at="2025-08-05T16:12:15 IST" name="addBook" finished-at="2025-08-05T16:12:21 IST" duration-ms="5682" status="PASS">
          <reporter-output>
          </reporter-output>
        </test-method> <!-- addBook -->
      </class> <!-- files.DynamicJson -->
    </test> <!-- Default test -->
  </suite> <!-- Default suite -->
</testng-results>
