<?xml version="1.0" encoding="UTF-8"?>
<testng-results ignored="0" total="3" passed="3" failed="0" skipped="0">
  <reporter-output>
  </reporter-output>
  <suite started-at="2025-08-06T14:37:01 IST" name="Default suite" finished-at="2025-08-06T14:37:08 IST" duration-ms="6329">
    <groups>
    </groups>
    <test started-at="2025-08-06T14:37:01 IST" name="Default test" finished-at="2025-08-06T14:37:08 IST" duration-ms="6329">
      <class name="files.DynamicJson">
        <test-method signature="addBook(java.lang.String,java.lang.String)[pri:0, instance:files.DynamicJson@74f0ea28]" started-at="2025-08-06T14:37:02 IST" name="addBook" data-provider="BooksData" finished-at="2025-08-06T14:37:07 IST" duration-ms="5777" status="PASS">
          <params>
            <param index="0">
              <value>
                <![CDATA[tret]]>
              </value>
            </param>
            <param index="1">
              <value>
                <![CDATA[343]]>
              </value>
            </param>
          </params>
          <reporter-output>
          </reporter-output>
        </test-method> <!-- addBook -->
        <test-method signature="addBook(java.lang.String,java.lang.String)[pri:0, instance:files.DynamicJson@74f0ea28]" started-at="2025-08-06T14:37:07 IST" name="addBook" data-provider="BooksData" finished-at="2025-08-06T14:37:08 IST" duration-ms="231" status="PASS">
          <params>
            <param index="0">
              <value>
                <![CDATA[rewf]]>
              </value>
            </param>
            <param index="1">
              <value>
                <![CDATA[542]]>
              </value>
            </param>
          </params>
          <reporter-output>
          </reporter-output>
        </test-method> <!-- addBook -->
        <test-method signature="addBook(java.lang.String,java.lang.String)[pri:0, instance:files.DynamicJson@74f0ea28]" started-at="2025-08-06T14:37:08 IST" name="addBook" data-provider="BooksData" finished-at="2025-08-06T14:37:08 IST" duration-ms="179" status="PASS">
          <params>
            <param index="0">
              <value>
                <![CDATA[derf]]>
              </value>
            </param>
            <param index="1">
              <value>
                <![CDATA[327]]>
              </value>
            </param>
          </params>
          <reporter-output>
          </reporter-output>
        </test-method> <!-- addBook -->
      </class> <!-- files.DynamicJson -->
    </test> <!-- Default test -->
  </suite> <!-- Default suite -->
</testng-results>
